<?xml version="1.0" encoding="UTF-8"?>
<testng-results skipped="0" failed="0" total="2" passed="2">
  <reporter-output>
  </reporter-output>
  <suite name="Default suite" duration-ms="2304" started-at="2019-09-21T18:23:42Z" finished-at="2019-09-21T18:23:44Z">
    <groups>
    </groups>
    <test name="Default test" duration-ms="2304" started-at="2019-09-21T18:23:42Z" finished-at="2019-09-21T18:23:44Z">
      <class name="com.qa.tests.GetAPITests">
        <test-method status="PASS" signature="setUp()[pri:0, instance:com.qa.tests.GetAPITests@3c0a50da]" name="setUp" duration-ms="14" started-at="2019-09-21T23:53:42Z" finished-at="2019-09-21T23:53:42Z">
          <reporter-output>
          </reporter-output>
        </test-method> <!-- setUp -->
        <test-method status="PASS" signature="test1()[pri:0, instance:com.qa.tests.GetAPITests@3c0a50da]" name="test1" duration-ms="2277" started-at="2019-09-21T23:53:42Z" finished-at="2019-09-21T23:53:44Z">
          <reporter-output>
          </reporter-output>
        </test-method> <!-- test1 -->
      </class> <!-- com.qa.tests.GetAPITests -->
    </test> <!-- Default test -->
  </suite> <!-- Default suite -->
</testng-results>
